Determining if the pthread_create exist failed with the following output:
Change Dir: /home/wpr/code/VSLAM/ROS/机器人系统设计/mbot_catkin/build/CMakeFiles/CMakeTmp

Run Build Command:"/usr/bin/make" "cmTC_b2c2c/fast"
/usr/bin/make -f CMakeFiles/cmTC_b2c2c.dir/build.make CMakeFiles/cmTC_b2c2c.dir/build
make[1]: Entering directory '/home/wpr/code/VSLAM/ROS/机器人系统设计/mbot_catkin/build/CMakeFiles/CMakeTmp'
Building C object CMakeFiles/cmTC_b2c2c.dir/CheckSymbolExists.c.o
/usr/bin/cc     -o CMakeFiles/cmTC_b2c2c.dir/CheckSymbolExists.c.o   -c /home/wpr/code/VSLAM/ROS/机器人系统设计/mbot_catkin/build/CMakeFiles/CMakeTmp/CheckSymbolExists.c
Linking C executable cmTC_b2c2c
/usr/bin/cmake -E cmake_link_script CMakeFiles/cmTC_b2c2c.dir/link.txt --verbose=1
/usr/bin/cc       CMakeFiles/cmTC_b2c2c.dir/CheckSymbolExists.c.o  -o cmTC_b2c2c -rdynamic 
CMakeFiles/cmTC_b2c2c.dir/CheckSymbolExists.c.o：在函数‘main’中：
CheckSymbolExists.c:(.text+0x16)：对‘pthread_create’未定义的引用
collect2: error: ld returned 1 exit status
CMakeFiles/cmTC_b2c2c.dir/build.make:97: recipe for target 'cmTC_b2c2c' failed
make[1]: *** [cmTC_b2c2c] Error 1
make[1]: Leaving directory '/home/wpr/code/VSLAM/ROS/机器人系统设计/mbot_catkin/build/CMakeFiles/CMakeTmp'
Makefile:126: recipe for target 'cmTC_b2c2c/fast' failed
make: *** [cmTC_b2c2c/fast] Error 2

File /home/wpr/code/VSLAM/ROS/机器人系统设计/mbot_catkin/build/CMakeFiles/CMakeTmp/CheckSymbolExists.c:
/* */
#include <pthread.h>

int main(int argc, char** argv)
{
  (void)argv;
#ifndef pthread_create
  return ((int*)(&pthread_create))[argc];
#else
  (void)argc;
  return 0;
#endif
}

Determining if the function pthread_create exists in the pthreads failed with the following output:
Change Dir: /home/wpr/code/VSLAM/ROS/机器人系统设计/mbot_catkin/build/CMakeFiles/CMakeTmp

Run Build Command:"/usr/bin/make" "cmTC_644ee/fast"
/usr/bin/make -f CMakeFiles/cmTC_644ee.dir/build.make CMakeFiles/cmTC_644ee.dir/build
make[1]: Entering directory '/home/wpr/code/VSLAM/ROS/机器人系统设计/mbot_catkin/build/CMakeFiles/CMakeTmp'
Building C object CMakeFiles/cmTC_644ee.dir/CheckFunctionExists.c.o
/usr/bin/cc    -DCHECK_FUNCTION_EXISTS=pthread_create   -o CMakeFiles/cmTC_644ee.dir/CheckFunctionExists.c.o   -c /usr/share/cmake-3.5/Modules/CheckFunctionExists.c
Linking C executable cmTC_644ee
/usr/bin/cmake -E cmake_link_script CMakeFiles/cmTC_644ee.dir/link.txt --verbose=1
/usr/bin/cc   -DCHECK_FUNCTION_EXISTS=pthread_create    CMakeFiles/cmTC_644ee.dir/CheckFunctionExists.c.o  -o cmTC_644ee -rdynamic -lpthreads 
/usr/bin/ld: 找不到 -lpthreads
collect2: error: ld returned 1 exit status
CMakeFiles/cmTC_644ee.dir/build.make:97: recipe for target 'cmTC_644ee' failed
make[1]: *** [cmTC_644ee] Error 1
make[1]: Leaving directory '/home/wpr/code/VSLAM/ROS/机器人系统设计/mbot_catkin/build/CMakeFiles/CMakeTmp'
Makefile:126: recipe for target 'cmTC_644ee/fast' failed
make: *** [cmTC_644ee/fast] Error 2


