Determining if the pthread_create exist failed with the following output:
Change Dir: /home/wpr/code/VSLAM/ROS/ROS5sense/catkin_sense/build/CMakeFiles/CMakeTmp

Run Build Command:"/usr/bin/make" "cmTC_a782a/fast"
/usr/bin/make -f CMakeFiles/cmTC_a782a.dir/build.make CMakeFiles/cmTC_a782a.dir/build
make[1]: Entering directory '/home/wpr/code/VSLAM/ROS/ROS5sense/catkin_sense/build/CMakeFiles/CMakeTmp'
Building C object CMakeFiles/cmTC_a782a.dir/CheckSymbolExists.c.o
/usr/bin/cc     -o CMakeFiles/cmTC_a782a.dir/CheckSymbolExists.c.o   -c /home/wpr/code/VSLAM/ROS/ROS5sense/catkin_sense/build/CMakeFiles/CMakeTmp/CheckSymbolExists.c
Linking C executable cmTC_a782a
/usr/bin/cmake -E cmake_link_script CMakeFiles/cmTC_a782a.dir/link.txt --verbose=1
/usr/bin/cc       CMakeFiles/cmTC_a782a.dir/CheckSymbolExists.c.o  -o cmTC_a782a -rdynamic 
CMakeFiles/cmTC_a782a.dir/CheckSymbolExists.c.o：在函数‘main’中：
CheckSymbolExists.c:(.text+0x16)：对‘pthread_create’未定义的引用
collect2: error: ld returned 1 exit status
CMakeFiles/cmTC_a782a.dir/build.make:97: recipe for target 'cmTC_a782a' failed
make[1]: *** [cmTC_a782a] Error 1
make[1]: Leaving directory '/home/wpr/code/VSLAM/ROS/ROS5sense/catkin_sense/build/CMakeFiles/CMakeTmp'
Makefile:126: recipe for target 'cmTC_a782a/fast' failed
make: *** [cmTC_a782a/fast] Error 2

File /home/wpr/code/VSLAM/ROS/ROS5sense/catkin_sense/build/CMakeFiles/CMakeTmp/CheckSymbolExists.c:
/* */
#include <pthread.h>

int main(int argc, char** argv)
{
  (void)argv;
#ifndef pthread_create
  return ((int*)(&pthread_create))[argc];
#else
  (void)argc;
  return 0;
#endif
}

Determining if the function pthread_create exists in the pthreads failed with the following output:
Change Dir: /home/wpr/code/VSLAM/ROS/ROS5sense/catkin_sense/build/CMakeFiles/CMakeTmp

Run Build Command:"/usr/bin/make" "cmTC_79132/fast"
/usr/bin/make -f CMakeFiles/cmTC_79132.dir/build.make CMakeFiles/cmTC_79132.dir/build
make[1]: Entering directory '/home/wpr/code/VSLAM/ROS/ROS5sense/catkin_sense/build/CMakeFiles/CMakeTmp'
Building C object CMakeFiles/cmTC_79132.dir/CheckFunctionExists.c.o
/usr/bin/cc    -DCHECK_FUNCTION_EXISTS=pthread_create   -o CMakeFiles/cmTC_79132.dir/CheckFunctionExists.c.o   -c /usr/share/cmake-3.5/Modules/CheckFunctionExists.c
Linking C executable cmTC_79132
/usr/bin/cmake -E cmake_link_script CMakeFiles/cmTC_79132.dir/link.txt --verbose=1
/usr/bin/cc   -DCHECK_FUNCTION_EXISTS=pthread_create    CMakeFiles/cmTC_79132.dir/CheckFunctionExists.c.o  -o cmTC_79132 -rdynamic -lpthreads 
/usr/bin/ld: 找不到 -lpthreads
collect2: error: ld returned 1 exit status
CMakeFiles/cmTC_79132.dir/build.make:97: recipe for target 'cmTC_79132' failed
make[1]: *** [cmTC_79132] Error 1
make[1]: Leaving directory '/home/wpr/code/VSLAM/ROS/ROS5sense/catkin_sense/build/CMakeFiles/CMakeTmp'
Makefile:126: recipe for target 'cmTC_79132/fast' failed
make: *** [cmTC_79132/fast] Error 2


