Determining if the pthread_create exist failed with the following output:
Change Dir: /home/wpr/code/VSLAM/ROS/ROS6SLAM/sources/google_ws/build/CMakeFiles/CMakeTmp

Run Build Command:"/usr/bin/make" "cmTC_fa9ec/fast"
/usr/bin/make -f CMakeFiles/cmTC_fa9ec.dir/build.make CMakeFiles/cmTC_fa9ec.dir/build
make[1]: Entering directory '/home/wpr/code/VSLAM/ROS/ROS6SLAM/sources/google_ws/build/CMakeFiles/CMakeTmp'
Building C object CMakeFiles/cmTC_fa9ec.dir/CheckSymbolExists.c.o
/usr/bin/cc     -o CMakeFiles/cmTC_fa9ec.dir/CheckSymbolExists.c.o   -c /home/wpr/code/VSLAM/ROS/ROS6SLAM/sources/google_ws/build/CMakeFiles/CMakeTmp/CheckSymbolExists.c
Linking C executable cmTC_fa9ec
/usr/bin/cmake -E cmake_link_script CMakeFiles/cmTC_fa9ec.dir/link.txt --verbose=1
/usr/bin/cc       CMakeFiles/cmTC_fa9ec.dir/CheckSymbolExists.c.o  -o cmTC_fa9ec -rdynamic 
CMakeFiles/cmTC_fa9ec.dir/CheckSymbolExists.c.o：在函数‘main’中：
CheckSymbolExists.c:(.text+0x16)：对‘pthread_create’未定义的引用
collect2: error: ld returned 1 exit status
CMakeFiles/cmTC_fa9ec.dir/build.make:97: recipe for target 'cmTC_fa9ec' failed
make[1]: *** [cmTC_fa9ec] Error 1
make[1]: Leaving directory '/home/wpr/code/VSLAM/ROS/ROS6SLAM/sources/google_ws/build/CMakeFiles/CMakeTmp'
Makefile:126: recipe for target 'cmTC_fa9ec/fast' failed
make: *** [cmTC_fa9ec/fast] Error 2

File /home/wpr/code/VSLAM/ROS/ROS6SLAM/sources/google_ws/build/CMakeFiles/CMakeTmp/CheckSymbolExists.c:
/* */
#include <pthread.h>

int main(int argc, char** argv)
{
  (void)argv;
#ifndef pthread_create
  return ((int*)(&pthread_create))[argc];
#else
  (void)argc;
  return 0;
#endif
}

Determining if the function pthread_create exists in the pthreads failed with the following output:
Change Dir: /home/wpr/code/VSLAM/ROS/ROS6SLAM/sources/google_ws/build/CMakeFiles/CMakeTmp

Run Build Command:"/usr/bin/make" "cmTC_7e6ea/fast"
/usr/bin/make -f CMakeFiles/cmTC_7e6ea.dir/build.make CMakeFiles/cmTC_7e6ea.dir/build
make[1]: Entering directory '/home/wpr/code/VSLAM/ROS/ROS6SLAM/sources/google_ws/build/CMakeFiles/CMakeTmp'
Building C object CMakeFiles/cmTC_7e6ea.dir/CheckFunctionExists.c.o
/usr/bin/cc    -DCHECK_FUNCTION_EXISTS=pthread_create   -o CMakeFiles/cmTC_7e6ea.dir/CheckFunctionExists.c.o   -c /usr/share/cmake-3.5/Modules/CheckFunctionExists.c
Linking C executable cmTC_7e6ea
/usr/bin/cmake -E cmake_link_script CMakeFiles/cmTC_7e6ea.dir/link.txt --verbose=1
/usr/bin/cc   -DCHECK_FUNCTION_EXISTS=pthread_create    CMakeFiles/cmTC_7e6ea.dir/CheckFunctionExists.c.o  -o cmTC_7e6ea -rdynamic -lpthreads 
/usr/bin/ld: 找不到 -lpthreads
collect2: error: ld returned 1 exit status
CMakeFiles/cmTC_7e6ea.dir/build.make:97: recipe for target 'cmTC_7e6ea' failed
make[1]: *** [cmTC_7e6ea] Error 1
make[1]: Leaving directory '/home/wpr/code/VSLAM/ROS/ROS6SLAM/sources/google_ws/build/CMakeFiles/CMakeTmp'
Makefile:126: recipe for target 'cmTC_7e6ea/fast' failed
make: *** [cmTC_7e6ea/fast] Error 2


